<?xml version="1.0" encoding="UTF-8"?>
<testng-results skipped="0" failed="0" ignored="0" total="1" passed="1">
  <reporter-output>
  </reporter-output>
  <suite name="Default suite" duration-ms="25307" started-at="2020-07-20T15:20:58 BST" finished-at="2020-07-20T15:21:23 BST">
    <groups>
    </groups>
    <test name="Default test" duration-ms="25307" started-at="2020-07-20T15:20:58 BST" finished-at="2020-07-20T15:21:23 BST">
      <class name="Automation.AccessibleVersion.CompleteTest">
        <test-method status="PASS" signature="setUp()[pri:0, instance:Automation.AccessibleVersion.CompleteTest@6c49835d]" name="setUp" is-config="true" duration-ms="10509" started-at="2020-07-20T15:20:58 BST" finished-at="2020-07-20T15:21:08 BST">
          <reporter-output>
          </reporter-output>
        </test-method> <!-- setUp -->
        <test-method status="PASS" signature="submitForm()[pri:0, instance:Automation.AccessibleVersion.CompleteTest@6c49835d]" name="submitForm" duration-ms="14655" started-at="2020-07-20T15:21:08 BST" finished-at="2020-07-20T15:21:23 BST">
          <reporter-output>
          </reporter-output>
        </test-method> <!-- submitForm -->
        <test-method status="PASS" signature="tearDown()[pri:0, instance:Automation.AccessibleVersion.CompleteTest@6c49835d]" name="tearDown" is-config="true" duration-ms="92" started-at="2020-07-20T15:21:23 BST" finished-at="2020-07-20T15:21:23 BST">
          <reporter-output>
          </reporter-output>
        </test-method> <!-- tearDown -->
      </class> <!-- Automation.AccessibleVersion.CompleteTest -->
    </test> <!-- Default test -->
  </suite> <!-- Default suite -->
</testng-results>
